Start testing: Aug 18 01:38 Eastern Daylight Time
----------------------------------------------------------
1/6 Testing: GprMapping.CorrectIndexReturned
1/6 Test: GprMapping.CorrectIndexReturned
Command: "C:/Users/Owner/Desktop/PS2_Recomp/Ps2Recomp/recompiler_tool/build/Debug/RecompilerTests.exe" "--gtest_filter=GprMapping.CorrectIndexReturned" "--gtest_also_run_disabled_tests"
Directory: C:/Users/Owner/Desktop/PS2_Recomp/Ps2Recomp/recompiler_tool/build
"GprMapping.CorrectIndexReturned" start time: Aug 18 01:38 Eastern Daylight Time
Output:
----------------------------------------------------------
Running main() from C:\Users\Owner\Desktop\PS2_Recomp\Ps2Recomp\recompiler_tool\build\_deps\googletest-src\googletest\src\gtest_main.cc
Note: Google Test filter = GprMapping.CorrectIndexReturned
[==========] Running 1 test from 1 test suite.
[----------] Global test environment set-up.
[----------] 1 test from GprMapping
[ RUN      ] GprMapping.CorrectIndexReturned
[       OK ] GprMapping.CorrectIndexReturned (0 ms)
[----------] 1 test from GprMapping (0 ms total)

[----------] Global test environment tear-down
[==========] 1 test from 1 test suite ran. (0 ms total)
[  PASSED  ] 1 test.
<end of output>
Test time =   0.03 sec
----------------------------------------------------------
Test Passed.
"GprMapping.CorrectIndexReturned" end time: Aug 18 01:38 Eastern Daylight Time
"GprMapping.CorrectIndexReturned" time elapsed: 00:00:00
----------------------------------------------------------

2/6 Testing: AnalysisHelpers.IsBranchLikely
2/6 Test: AnalysisHelpers.IsBranchLikely
Command: "C:/Users/Owner/Desktop/PS2_Recomp/Ps2Recomp/recompiler_tool/build/Debug/RecompilerTests.exe" "--gtest_filter=AnalysisHelpers.IsBranchLikely" "--gtest_also_run_disabled_tests"
Directory: C:/Users/Owner/Desktop/PS2_Recomp/Ps2Recomp/recompiler_tool/build
"AnalysisHelpers.IsBranchLikely" start time: Aug 18 01:38 Eastern Daylight Time
Output:
----------------------------------------------------------
Running main() from C:\Users\Owner\Desktop\PS2_Recomp\Ps2Recomp\recompiler_tool\build\_deps\googletest-src\googletest\src\gtest_main.cc
Note: Google Test filter = AnalysisHelpers.IsBranchLikely
[==========] Running 1 test from 1 test suite.
[----------] Global test environment set-up.
[----------] 1 test from AnalysisHelpers
[ RUN      ] AnalysisHelpers.IsBranchLikely
[       OK ] AnalysisHelpers.IsBranchLikely (0 ms)
[----------] 1 test from AnalysisHelpers (0 ms total)

[----------] Global test environment tear-down
[==========] 1 test from 1 test suite ran. (0 ms total)
[  PASSED  ] 1 test.
<end of output>
Test time =   0.02 sec
----------------------------------------------------------
Test Passed.
"AnalysisHelpers.IsBranchLikely" end time: Aug 18 01:38 Eastern Daylight Time
"AnalysisHelpers.IsBranchLikely" time elapsed: 00:00:00
----------------------------------------------------------

3/6 Testing: AnalysisHelpers.IsControlFlow
3/6 Test: AnalysisHelpers.IsControlFlow
Command: "C:/Users/Owner/Desktop/PS2_Recomp/Ps2Recomp/recompiler_tool/build/Debug/RecompilerTests.exe" "--gtest_filter=AnalysisHelpers.IsControlFlow" "--gtest_also_run_disabled_tests"
Directory: C:/Users/Owner/Desktop/PS2_Recomp/Ps2Recomp/recompiler_tool/build
"AnalysisHelpers.IsControlFlow" start time: Aug 18 01:38 Eastern Daylight Time
Output:
----------------------------------------------------------
Running main() from C:\Users\Owner\Desktop\PS2_Recomp\Ps2Recomp\recompiler_tool\build\_deps\googletest-src\googletest\src\gtest_main.cc
Note: Google Test filter = AnalysisHelpers.IsControlFlow
[==========] Running 1 test from 1 test suite.
[----------] Global test environment set-up.
[----------] 1 test from AnalysisHelpers
[ RUN      ] AnalysisHelpers.IsControlFlow






[       OK ] AnalysisHelpers.IsControlFlow (0 ms)
[----------] 1 test from AnalysisHelpers (0 ms total)

[----------] Global test environment tear-down
[==========] 1 test from 1 test suite ran. (0 ms total)
[  PASSED  ] 1 test.
<end of output>
Test time =   0.02 sec
----------------------------------------------------------
Test Passed.
"AnalysisHelpers.IsControlFlow" end time: Aug 18 01:38 Eastern Daylight Time
"AnalysisHelpers.IsControlFlow" time elapsed: 00:00:00
----------------------------------------------------------

4/6 Testing: AnalysisHelpers.CalculateTarget
4/6 Test: AnalysisHelpers.CalculateTarget
Command: "C:/Users/Owner/Desktop/PS2_Recomp/Ps2Recomp/recompiler_tool/build/Debug/RecompilerTests.exe" "--gtest_filter=AnalysisHelpers.CalculateTarget" "--gtest_also_run_disabled_tests"
Directory: C:/Users/Owner/Desktop/PS2_Recomp/Ps2Recomp/recompiler_tool/build
"AnalysisHelpers.CalculateTarget" start time: Aug 18 01:38 Eastern Daylight Time
Output:
----------------------------------------------------------
Running main() from C:\Users\Owner\Desktop\PS2_Recomp\Ps2Recomp\recompiler_tool\build\_deps\googletest-src\googletest\src\gtest_main.cc
Note: Google Test filter = AnalysisHelpers.CalculateTarget
[==========] Running 1 test from 1 test suite.
[----------] Global test environment set-up.
[----------] 1 test from AnalysisHelpers
[ RUN      ] AnalysisHelpers.CalculateTarget
[       OK ] AnalysisHelpers.CalculateTarget (0 ms)
[----------] 1 test from AnalysisHelpers (0 ms total)

[----------] Global test environment tear-down
[==========] 1 test from 1 test suite ran. (0 ms total)
[  PASSED  ] 1 test.
<end of output>
Test time =   0.02 sec
----------------------------------------------------------
Test Passed.
"AnalysisHelpers.CalculateTarget" end time: Aug 18 01:38 Eastern Daylight Time
"AnalysisHelpers.CalculateTarget" time elapsed: 00:00:00
----------------------------------------------------------

5/6 Testing: FunctionEntryCollection.CorrectlyIdentifiesSyscallWrappers
5/6 Test: FunctionEntryCollection.CorrectlyIdentifiesSyscallWrappers
Command: "C:/Users/Owner/Desktop/PS2_Recomp/Ps2Recomp/recompiler_tool/build/Debug/RecompilerTests.exe" "--gtest_filter=FunctionEntryCollection.CorrectlyIdentifiesSyscallWrappers" "--gtest_also_run_disabled_tests"
Directory: C:/Users/Owner/Desktop/PS2_Recomp/Ps2Recomp/recompiler_tool/build
"FunctionEntryCollection.CorrectlyIdentifiesSyscallWrappers" start time: Aug 18 01:38 Eastern Daylight Time
Output:
----------------------------------------------------------
Running main() from C:\Users\Owner\Desktop\PS2_Recomp\Ps2Recomp\recompiler_tool\build\_deps\googletest-src\googletest\src\gtest_main.cc
Note: Google Test filter = FunctionEntryCollection.CorrectlyIdentifiesSyscallWrappers
[==========] Running 1 test from 1 test suite.
[----------] Global test environment set-up.
[----------] 1 test from FunctionEntryCollection
[ RUN      ] FunctionEntryCollection.CorrectlyIdentifiesSyscallWrappers
// Found 4 unique entry points.
// ENTRY: 512 (0x200)
// ENTRY: 528 (0x210)
// ENTRY: 544 (0x220)
// ENTRY: 560 (0x230)
[       OK ] FunctionEntryCollection.CorrectlyIdentifiesSyscallWrappers (0 ms)
[----------] 1 test from FunctionEntryCollection (0 ms total)

[----------] Global test environment tear-down
[==========] 1 test from 1 test suite ran. (0 ms total)
[  PASSED  ] 1 test.
<end of output>
Test time =   0.02 sec
----------------------------------------------------------
Test Passed.
"FunctionEntryCollection.CorrectlyIdentifiesSyscallWrappers" end time: Aug 18 01:38 Eastern Daylight Time
"FunctionEntryCollection.CorrectlyIdentifiesSyscallWrappers" time elapsed: 00:00:00
----------------------------------------------------------

6/6 Testing: BlockCollection.CorrectlyIdentifiesSyscallWrapperBlocks
6/6 Test: BlockCollection.CorrectlyIdentifiesSyscallWrapperBlocks
Command: "C:/Users/Owner/Desktop/PS2_Recomp/Ps2Recomp/recompiler_tool/build/Debug/RecompilerTests.exe" "--gtest_filter=BlockCollection.CorrectlyIdentifiesSyscallWrapperBlocks" "--gtest_also_run_disabled_tests"
Directory: C:/Users/Owner/Desktop/PS2_Recomp/Ps2Recomp/recompiler_tool/build
"BlockCollection.CorrectlyIdentifiesSyscallWrapperBlocks" start time: Aug 18 01:38 Eastern Daylight Time
Output:
----------------------------------------------------------
Running main() from C:\Users\Owner\Desktop\PS2_Recomp\Ps2Recomp\recompiler_tool\build\_deps\googletest-src\googletest\src\gtest_main.cc
Note: Google Test filter = BlockCollection.CorrectlyIdentifiesSyscallWrapperBlocks
[==========] Running 1 test from 1 test suite.
[----------] Global test environment set-up.
[----------] 1 test from BlockCollection
[ RUN      ] BlockCollection.CorrectlyIdentifiesSyscallWrapperBlocks
// Found 4 unique entry points.
// ENTRY: 512 (0x200)
// ENTRY: 528 (0x210)
// ENTRY: 544 (0x220)
// ENTRY: 560 (0x230)
// Found 4 unique entry points.
// Successfully created 4 basic blocks.
[       OK ] BlockCollection.CorrectlyIdentifiesSyscallWrapperBlocks (0 ms)
[----------] 1 test from BlockCollection (0 ms total)

[----------] Global test environment tear-down
[==========] 1 test from 1 test suite ran. (0 ms total)
[  PASSED  ] 1 test.
<end of output>
Test time =   0.02 sec
----------------------------------------------------------
Test Passed.
"BlockCollection.CorrectlyIdentifiesSyscallWrapperBlocks" end time: Aug 18 01:38 Eastern Daylight Time
"BlockCollection.CorrectlyIdentifiesSyscallWrapperBlocks" time elapsed: 00:00:00
----------------------------------------------------------

End testing: Aug 18 01:38 Eastern Daylight Time
